<?xml version="1.0" encoding="UTF-8"?>
<!-- Generated by org.testng.reporters.JUnitReportReporter -->
<testsuite hostname="SAGAR" failures="0" tests="1" name="TestLayer.RegisterPageTest" time="1.778" errors="0" timestamp="2023-08-01T23:58:40 IST" skipped="0">
  <testcase classname="TestLayer.RegisterPageTest" name="validateRegisterFunctionality" time="1.778"/>
  <system-out/>
</testsuite> <!-- TestLayer.RegisterPageTest -->
